2024-07-03 16:46:22.076 +04:00  INF  Now listening on: https://localhost:7095
2024-07-03 16:46:22.100 +04:00  INF  Now listening on: http://localhost:5035
2024-07-03 16:46:22.131 +04:00  INF  Application started. Press Ctrl+C to shut down.
2024-07-03 16:46:22.131 +04:00  INF  Hosting environment: Development
2024-07-03 16:46:22.131 +04:00  INF  Content root path: C:\Users\nasirid\Desktop\-hometask_Many-to-many-relational-mappings\App\
2024-07-03 17:26:21.205 +04:00  INF  Now listening on: https://localhost:7095
2024-07-03 17:26:21.237 +04:00  INF  Now listening on: http://localhost:5035
2024-07-03 17:26:21.281 +04:00  INF  Application started. Press Ctrl+C to shut down.
2024-07-03 17:26:21.282 +04:00  INF  Hosting environment: Development
2024-07-03 17:26:21.282 +04:00  INF  Content root path: C:\Users\nasirid\Desktop\-hometask_Many-to-many-relational-mappings\App\
2024-07-03 18:01:03.534 +04:00  INF  User profile is available. Using 'C:\Users\nasirid\AppData\Local\ASP.NET\DataProtection-Keys' as key repository and Windows DPAPI to encrypt keys at rest.
2024-07-03 18:01:03.564 +04:00  INF  Creating key {ca7d066c-9df5-4091-857f-114d3392cfa8} with creation date 2024-07-03 14:01:03Z, activation date 2024-07-03 14:01:03Z, and expiration date 2024-10-01 14:01:03Z.
2024-07-03 18:01:03.581 +04:00  INF  Writing data to file 'C:\Users\nasirid\AppData\Local\ASP.NET\DataProtection-Keys\key-ca7d066c-9df5-4091-857f-114d3392cfa8.xml'.
2024-07-03 18:01:03.681 +04:00  INF  Now listening on: https://localhost:7095
2024-07-03 18:01:03.681 +04:00  INF  Now listening on: http://localhost:5035
2024-07-03 18:01:03.713 +04:00  INF  Application started. Press Ctrl+C to shut down.
2024-07-03 18:01:03.714 +04:00  INF  Hosting environment: Development
2024-07-03 18:01:03.714 +04:00  INF  Content root path: C:\Users\nasirid\Desktop\-hometask_Many-to-many-relational-mappings\App\
2024-07-03 18:01:04.162 +04:00  INF  Request starting HTTP/2 GET https://localhost:7095/swagger/index.html - -
2024-07-03 18:01:04.340 +04:00  INF  Request finished HTTP/2 GET https://localhost:7095/swagger/index.html - - - 200 - text/html;charset=utf-8 180.1174ms
2024-07-03 18:01:04.354 +04:00  INF  Request starting HTTP/2 GET https://localhost:7095/_vs/browserLink - -
2024-07-03 18:01:04.354 +04:00  INF  Request starting HTTP/2 GET https://localhost:7095/_framework/aspnetcore-browser-refresh.js - -
2024-07-03 18:01:04.356 +04:00  INF  Request finished HTTP/2 GET https://localhost:7095/_framework/aspnetcore-browser-refresh.js - - - 200 13742 application/javascript;+charset=utf-8 1.9663ms
2024-07-03 18:01:04.397 +04:00  INF  Request finished HTTP/2 GET https://localhost:7095/_vs/browserLink - - - 200 - text/javascript;+charset=UTF-8 42.2969ms
2024-07-03 18:01:04.444 +04:00  INF  Request starting HTTP/2 GET https://localhost:7095/swagger/v1/swagger.json - -
2024-07-03 18:01:04.536 +04:00  INF  Request finished HTTP/2 GET https://localhost:7095/swagger/v1/swagger.json - - - 200 - application/json;charset=utf-8 92.0246ms
2024-07-03 18:03:44.202 +04:00  INF  Request starting HTTP/2 POST https://localhost:7095/api/Account/action application/json 111
2024-07-03 18:03:44.208 +04:00  INF  Executing endpoint 'App.Controllers.UI.AccountController.SignUp (App)'
2024-07-03 18:03:44.232 +04:00  INF  Route matched with {action = "SignUp", controller = "Account"}. Executing controller action with signature System.Threading.Tasks.Task`1[Microsoft.AspNetCore.Mvc.IActionResult] SignUp(Service.DTOs.Account.RegisterDto) on controller App.Controllers.UI.AccountController (App).
2024-07-03 18:03:44.446 +04:00  WRN  User password validation failed: PasswordRequiresNonAlphanumeric;PasswordRequiresUpper.
2024-07-03 18:03:44.451 +04:00  INF  Executing BadRequestObjectResult, writing value of type 'Service.Helpers.Account.RegisterResponse'.
2024-07-03 18:03:44.458 +04:00  INF  Executed action App.Controllers.UI.AccountController.SignUp (App) in 222.0227ms
2024-07-03 18:03:44.458 +04:00  INF  Executed endpoint 'App.Controllers.UI.AccountController.SignUp (App)'
2024-07-03 18:03:44.459 +04:00  INF  Request finished HTTP/2 POST https://localhost:7095/api/Account/action application/json 111 - 400 - application/json;+charset=utf-8 257.0458ms
2024-07-03 18:03:55.237 +04:00  INF  Request starting HTTP/2 POST https://localhost:7095/api/Account/action application/json 111
2024-07-03 18:03:55.238 +04:00  INF  Executing endpoint 'App.Controllers.UI.AccountController.SignUp (App)'
2024-07-03 18:03:55.238 +04:00  INF  Route matched with {action = "SignUp", controller = "Account"}. Executing controller action with signature System.Threading.Tasks.Task`1[Microsoft.AspNetCore.Mvc.IActionResult] SignUp(Service.DTOs.Account.RegisterDto) on controller App.Controllers.UI.AccountController (App).
2024-07-03 18:03:55.256 +04:00  WRN  User password validation failed: PasswordRequiresNonAlphanumeric.
2024-07-03 18:03:55.257 +04:00  INF  Executing BadRequestObjectResult, writing value of type 'Service.Helpers.Account.RegisterResponse'.
2024-07-03 18:03:55.257 +04:00  INF  Executed action App.Controllers.UI.AccountController.SignUp (App) in 18.6541ms
2024-07-03 18:03:55.257 +04:00  INF  Executed endpoint 'App.Controllers.UI.AccountController.SignUp (App)'
2024-07-03 18:03:55.257 +04:00  INF  Request finished HTTP/2 POST https://localhost:7095/api/Account/action application/json 111 - 400 - application/json;+charset=utf-8 20.1457ms
2024-07-03 18:04:01.451 +04:00  INF  Request starting HTTP/2 POST https://localhost:7095/api/Account/action application/json 112
2024-07-03 18:04:01.451 +04:00  INF  Executing endpoint 'App.Controllers.UI.AccountController.SignUp (App)'
2024-07-03 18:04:01.451 +04:00  INF  Route matched with {action = "SignUp", controller = "Account"}. Executing controller action with signature System.Threading.Tasks.Task`1[Microsoft.AspNetCore.Mvc.IActionResult] SignUp(Service.DTOs.Account.RegisterDto) on controller App.Controllers.UI.AccountController (App).
2024-07-03 18:04:02.007 +04:00  WRN  No store type was specified for the decimal property 'Salary' on entity type 'Teacher'. This will cause values to be silently truncated if they do not fit in the default precision and scale. Explicitly specify the SQL server column type that can accommodate all the values in 'OnModelCreating' using 'HasColumnType', specify precision and scale using 'HasPrecision', or configure a value converter using 'HasConversion'.
2024-07-03 18:04:02.117 +04:00  INF  Entity Framework Core 6.0.31 initialized 'AppDbContext' using provider 'Microsoft.EntityFrameworkCore.SqlServer:6.0.31' with options: None
2024-07-03 18:04:02.576 +04:00  INF  Executed DbCommand (45ms) [Parameters=[@__normalizedUserName_0='?' (Size = 256)], CommandType='"Text"', CommandTimeout='30']
SELECT TOP(1) [a].[Id], [a].[AccessFailedCount], [a].[ConcurrencyStamp], [a].[Email], [a].[EmailConfirmed], [a].[FullName], [a].[LockoutEnabled], [a].[LockoutEnd], [a].[NormalizedEmail], [a].[NormalizedUserName], [a].[PasswordHash], [a].[PhoneNumber], [a].[PhoneNumberConfirmed], [a].[SecurityStamp], [a].[TwoFactorEnabled], [a].[UserName]
FROM [AspNetUsers] AS [a]
WHERE [a].[NormalizedUserName] = @__normalizedUserName_0
2024-07-03 18:04:02.736 +04:00  INF  Executed DbCommand (9ms) [Parameters=[@p0='?' (Size = 450), @p1='?' (DbType = Int32), @p2='?' (Size = 4000), @p3='?' (Size = 256), @p4='?' (DbType = Boolean), @p5='?' (Size = 4000), @p6='?' (DbType = Boolean), @p7='?' (DbType = DateTimeOffset), @p8='?' (Size = 256), @p9='?' (Size = 256), @p10='?' (Size = 4000), @p11='?' (Size = 4000), @p12='?' (DbType = Boolean), @p13='?' (Size = 4000), @p14='?' (DbType = Boolean), @p15='?' (Size = 256)], CommandType='"Text"', CommandTimeout='30']
SET NOCOUNT ON;
INSERT INTO [AspNetUsers] ([Id], [AccessFailedCount], [ConcurrencyStamp], [Email], [EmailConfirmed], [FullName], [LockoutEnabled], [LockoutEnd], [NormalizedEmail], [NormalizedUserName], [PasswordHash], [PhoneNumber], [PhoneNumberConfirmed], [SecurityStamp], [TwoFactorEnabled], [UserName])
VALUES (@p0, @p1, @p2, @p3, @p4, @p5, @p6, @p7, @p8, @p9, @p10, @p11, @p12, @p13, @p14, @p15);
2024-07-03 18:04:02.751 +04:00  INF  Executing OkObjectResult, writing value of type 'Service.Helpers.Account.RegisterResponse'.
2024-07-03 18:04:02.752 +04:00  INF  Executed action App.Controllers.UI.AccountController.SignUp (App) in 1300.2617ms
2024-07-03 18:04:02.752 +04:00  INF  Executed endpoint 'App.Controllers.UI.AccountController.SignUp (App)'
2024-07-03 18:04:02.755 +04:00  INF  Request finished HTTP/2 POST https://localhost:7095/api/Account/action application/json 112 - 200 - application/json;+charset=utf-8 1303.5603ms
2024-07-03 18:14:30.306 +04:00  INF  User profile is available. Using 'C:\Users\nasirid\AppData\Local\ASP.NET\DataProtection-Keys' as key repository and Windows DPAPI to encrypt keys at rest.
2024-07-03 18:14:30.427 +04:00  INF  Now listening on: https://localhost:7095
2024-07-03 18:14:30.427 +04:00  INF  Now listening on: http://localhost:5035
2024-07-03 18:14:30.459 +04:00  INF  Application started. Press Ctrl+C to shut down.
2024-07-03 18:14:30.460 +04:00  INF  Hosting environment: Development
2024-07-03 18:14:30.460 +04:00  INF  Content root path: C:\Users\nasirid\Desktop\-hometask_Many-to-many-relational-mappings\App\
2024-07-03 18:14:30.987 +04:00  INF  Request starting HTTP/2 GET https://localhost:7095/swagger/index.html - -
2024-07-03 18:14:31.178 +04:00  INF  Request finished HTTP/2 GET https://localhost:7095/swagger/index.html - - - 200 - text/html;charset=utf-8 193.6653ms
2024-07-03 18:14:31.189 +04:00  INF  Request starting HTTP/2 GET https://localhost:7095/_framework/aspnetcore-browser-refresh.js - -
2024-07-03 18:14:31.189 +04:00  INF  Request starting HTTP/2 GET https://localhost:7095/_vs/browserLink - -
2024-07-03 18:14:31.191 +04:00  INF  Request finished HTTP/2 GET https://localhost:7095/_framework/aspnetcore-browser-refresh.js - - - 200 13742 application/javascript;+charset=utf-8 1.8224ms
2024-07-03 18:14:31.217 +04:00  INF  Request finished HTTP/2 GET https://localhost:7095/_vs/browserLink - - - 200 - text/javascript;+charset=UTF-8 28.7616ms
2024-07-03 18:14:31.316 +04:00  INF  Request starting HTTP/2 GET https://localhost:7095/swagger/v1/swagger.json - -
2024-07-03 18:14:31.392 +04:00  INF  Request finished HTTP/2 GET https://localhost:7095/swagger/v1/swagger.json - - - 200 - application/json;charset=utf-8 75.3895ms
2024-07-03 18:39:02.572 +04:00  INF  User profile is available. Using 'C:\Users\nasirid\AppData\Local\ASP.NET\DataProtection-Keys' as key repository and Windows DPAPI to encrypt keys at rest.
2024-07-03 18:39:02.693 +04:00  INF  Now listening on: https://localhost:7095
2024-07-03 18:39:02.693 +04:00  INF  Now listening on: http://localhost:5035
2024-07-03 18:39:02.727 +04:00  INF  Application started. Press Ctrl+C to shut down.
2024-07-03 18:39:02.727 +04:00  INF  Hosting environment: Development
2024-07-03 18:39:02.727 +04:00  INF  Content root path: C:\Users\nasirid\Desktop\-hometask_Many-to-many-relational-mappings\App\
2024-07-03 18:39:03.279 +04:00  INF  Request starting HTTP/2 GET https://localhost:7095/swagger/index.html - -
2024-07-03 18:39:03.419 +04:00  INF  Request finished HTTP/2 GET https://localhost:7095/swagger/index.html - - - 200 - text/html;charset=utf-8 143.0398ms
2024-07-03 18:39:03.425 +04:00  INF  Request starting HTTP/2 GET https://localhost:7095/_vs/browserLink - -
2024-07-03 18:39:03.425 +04:00  INF  Request starting HTTP/2 GET https://localhost:7095/_framework/aspnetcore-browser-refresh.js - -
2024-07-03 18:39:03.426 +04:00  INF  Request finished HTTP/2 GET https://localhost:7095/_framework/aspnetcore-browser-refresh.js - - - 200 13742 application/javascript;+charset=utf-8 1.4145ms
2024-07-03 18:39:03.452 +04:00  INF  Request finished HTTP/2 GET https://localhost:7095/_vs/browserLink - - - 200 - text/javascript;+charset=UTF-8 26.7807ms
2024-07-03 18:39:03.501 +04:00  INF  Request starting HTTP/2 GET https://localhost:7095/swagger/v1/swagger.json - -
2024-07-03 18:39:03.561 +04:00  ERR  An unhandled exception has occurred while executing the request.Swashbuckle.AspNetCore.SwaggerGen.SwaggerGeneratorException: Conflicting method/path combination "GET api/Account/action" for actions - App.Controllers.UI.AccountController.GetAllUsers (App),App.Controllers.UI.AccountController.GetUserByUsername (App). Actions require a unique method/path combination for Swagger/OpenAPI 3.0. Use ConflictingActionsResolver as a workaround
   at Swashbuckle.AspNetCore.SwaggerGen.SwaggerGenerator.GenerateOperations(IEnumerable`1 apiDescriptions, SchemaRepository schemaRepository)
   at Swashbuckle.AspNetCore.SwaggerGen.SwaggerGenerator.GeneratePaths(IEnumerable`1 apiDescriptions, SchemaRepository schemaRepository)
   at Swashbuckle.AspNetCore.SwaggerGen.SwaggerGenerator.GetSwaggerDocumentWithoutFilters(String documentName, String host, String basePath)
   at Swashbuckle.AspNetCore.SwaggerGen.SwaggerGenerator.GetSwaggerAsync(String documentName, String host, String basePath)
   at Swashbuckle.AspNetCore.Swagger.SwaggerMiddleware.Invoke(HttpContext httpContext, ISwaggerProvider swaggerProvider)
   at Microsoft.AspNetCore.Diagnostics.DeveloperExceptionPageMiddleware.Invoke(HttpContext context)

2024-07-03 18:39:03.563 +04:00  INF  Request finished HTTP/2 GET https://localhost:7095/swagger/v1/swagger.json - - - 500 - text/plain;+charset=utf-8 62.8478ms
2024-07-03 18:39:09.639 +04:00  INF  User profile is available. Using 'C:\Users\nasirid\AppData\Local\ASP.NET\DataProtection-Keys' as key repository and Windows DPAPI to encrypt keys at rest.
2024-07-03 18:39:09.756 +04:00  INF  Now listening on: https://localhost:7095
2024-07-03 18:39:09.756 +04:00  INF  Now listening on: http://localhost:5035
2024-07-03 18:39:09.788 +04:00  INF  Application started. Press Ctrl+C to shut down.
2024-07-03 18:39:09.788 +04:00  INF  Hosting environment: Development
2024-07-03 18:39:09.788 +04:00  INF  Content root path: C:\Users\nasirid\Desktop\-hometask_Many-to-many-relational-mappings\App\
2024-07-03 18:39:09.889 +04:00  INF  Request starting HTTP/2 GET https://localhost:7095/swagger/index.html - -
2024-07-03 18:39:10.034 +04:00  INF  Request finished HTTP/2 GET https://localhost:7095/swagger/index.html - - - 200 - text/html;charset=utf-8 147.5608ms
2024-07-03 18:39:10.039 +04:00  INF  Request starting HTTP/2 GET https://localhost:7095/_framework/aspnetcore-browser-refresh.js - -
2024-07-03 18:39:10.039 +04:00  INF  Request starting HTTP/2 GET https://localhost:7095/_vs/browserLink - -
2024-07-03 18:39:10.040 +04:00  INF  Request finished HTTP/2 GET https://localhost:7095/_framework/aspnetcore-browser-refresh.js - - - 200 13742 application/javascript;+charset=utf-8 1.3361ms
2024-07-03 18:39:10.066 +04:00  INF  Request finished HTTP/2 GET https://localhost:7095/_vs/browserLink - - - 200 - text/javascript;+charset=UTF-8 26.9932ms
2024-07-03 18:39:10.084 +04:00  INF  Request starting HTTP/2 GET https://localhost:7095/swagger/v1/swagger.json - -
2024-07-03 18:39:10.141 +04:00  ERR  An unhandled exception has occurred while executing the request.Swashbuckle.AspNetCore.SwaggerGen.SwaggerGeneratorException: Conflicting method/path combination "GET api/Account/action" for actions - App.Controllers.UI.AccountController.GetAllUsers (App),App.Controllers.UI.AccountController.GetUserByUsername (App). Actions require a unique method/path combination for Swagger/OpenAPI 3.0. Use ConflictingActionsResolver as a workaround
   at Swashbuckle.AspNetCore.SwaggerGen.SwaggerGenerator.GenerateOperations(IEnumerable`1 apiDescriptions, SchemaRepository schemaRepository)
   at Swashbuckle.AspNetCore.SwaggerGen.SwaggerGenerator.GeneratePaths(IEnumerable`1 apiDescriptions, SchemaRepository schemaRepository)
   at Swashbuckle.AspNetCore.SwaggerGen.SwaggerGenerator.GetSwaggerDocumentWithoutFilters(String documentName, String host, String basePath)
   at Swashbuckle.AspNetCore.SwaggerGen.SwaggerGenerator.GetSwaggerAsync(String documentName, String host, String basePath)
   at Swashbuckle.AspNetCore.Swagger.SwaggerMiddleware.Invoke(HttpContext httpContext, ISwaggerProvider swaggerProvider)
   at Microsoft.AspNetCore.Diagnostics.DeveloperExceptionPageMiddleware.Invoke(HttpContext context)

2024-07-03 18:39:10.144 +04:00  INF  Request finished HTTP/2 GET https://localhost:7095/swagger/v1/swagger.json - - - 500 - text/plain;+charset=utf-8 59.0954ms
2024-07-03 18:39:32.595 +04:00  INF  User profile is available. Using 'C:\Users\nasirid\AppData\Local\ASP.NET\DataProtection-Keys' as key repository and Windows DPAPI to encrypt keys at rest.
2024-07-03 18:39:32.711 +04:00  INF  Now listening on: https://localhost:7095
2024-07-03 18:39:32.711 +04:00  INF  Now listening on: http://localhost:5035
2024-07-03 18:39:32.748 +04:00  INF  Application started. Press Ctrl+C to shut down.
2024-07-03 18:39:32.749 +04:00  INF  Hosting environment: Development
2024-07-03 18:39:32.749 +04:00  INF  Content root path: C:\Users\nasirid\Desktop\-hometask_Many-to-many-relational-mappings\App\
2024-07-03 18:39:32.804 +04:00  INF  Request starting HTTP/2 GET https://localhost:7095/swagger/index.html - -
2024-07-03 18:39:32.964 +04:00  INF  Request finished HTTP/2 GET https://localhost:7095/swagger/index.html - - - 200 - text/html;charset=utf-8 161.4387ms
2024-07-03 18:39:32.971 +04:00  INF  Request starting HTTP/2 GET https://localhost:7095/_framework/aspnetcore-browser-refresh.js - -
2024-07-03 18:39:32.971 +04:00  INF  Request starting HTTP/2 GET https://localhost:7095/_vs/browserLink - -
2024-07-03 18:39:32.972 +04:00  INF  Request finished HTTP/2 GET https://localhost:7095/_framework/aspnetcore-browser-refresh.js - - - 200 13742 application/javascript;+charset=utf-8 1.3193ms
2024-07-03 18:39:32.997 +04:00  INF  Request finished HTTP/2 GET https://localhost:7095/_vs/browserLink - - - 200 - text/javascript;+charset=UTF-8 26.0849ms
2024-07-03 18:39:33.021 +04:00  INF  Request starting HTTP/2 GET https://localhost:7095/swagger/v1/swagger.json - -
2024-07-03 18:39:33.078 +04:00  ERR  An unhandled exception has occurred while executing the request.Swashbuckle.AspNetCore.SwaggerGen.SwaggerGeneratorException: Conflicting method/path combination "GET api/Account/action" for actions - App.Controllers.UI.AccountController.GetAllUsers (App),App.Controllers.UI.AccountController.GetUserByUsername (App). Actions require a unique method/path combination for Swagger/OpenAPI 3.0. Use ConflictingActionsResolver as a workaround
   at Swashbuckle.AspNetCore.SwaggerGen.SwaggerGenerator.GenerateOperations(IEnumerable`1 apiDescriptions, SchemaRepository schemaRepository)
   at Swashbuckle.AspNetCore.SwaggerGen.SwaggerGenerator.GeneratePaths(IEnumerable`1 apiDescriptions, SchemaRepository schemaRepository)
   at Swashbuckle.AspNetCore.SwaggerGen.SwaggerGenerator.GetSwaggerDocumentWithoutFilters(String documentName, String host, String basePath)
   at Swashbuckle.AspNetCore.SwaggerGen.SwaggerGenerator.GetSwaggerAsync(String documentName, String host, String basePath)
   at Swashbuckle.AspNetCore.Swagger.SwaggerMiddleware.Invoke(HttpContext httpContext, ISwaggerProvider swaggerProvider)
   at Microsoft.AspNetCore.Diagnostics.DeveloperExceptionPageMiddleware.Invoke(HttpContext context)

2024-07-03 18:39:33.081 +04:00  INF  Request finished HTTP/2 GET https://localhost:7095/swagger/v1/swagger.json - - - 500 - text/plain;+charset=utf-8 60.2946ms
2024-07-03 18:39:53.682 +04:00  INF  User profile is available. Using 'C:\Users\nasirid\AppData\Local\ASP.NET\DataProtection-Keys' as key repository and Windows DPAPI to encrypt keys at rest.
2024-07-03 18:39:53.790 +04:00  INF  Now listening on: https://localhost:7095
2024-07-03 18:39:53.790 +04:00  INF  Now listening on: http://localhost:5035
2024-07-03 18:39:53.820 +04:00  INF  Application started. Press Ctrl+C to shut down.
2024-07-03 18:39:53.820 +04:00  INF  Hosting environment: Development
2024-07-03 18:39:53.820 +04:00  INF  Content root path: C:\Users\nasirid\Desktop\-hometask_Many-to-many-relational-mappings\App\
2024-07-03 18:39:53.972 +04:00  INF  Request starting HTTP/2 GET https://localhost:7095/swagger/index.html - -
2024-07-03 18:39:54.109 +04:00  INF  Request finished HTTP/2 GET https://localhost:7095/swagger/index.html - - - 200 - text/html;charset=utf-8 138.2066ms
2024-07-03 18:39:54.114 +04:00  INF  Request starting HTTP/2 GET https://localhost:7095/_framework/aspnetcore-browser-refresh.js - -
2024-07-03 18:39:54.114 +04:00  INF  Request starting HTTP/2 GET https://localhost:7095/_vs/browserLink - -
2024-07-03 18:39:54.117 +04:00  INF  Request finished HTTP/2 GET https://localhost:7095/_framework/aspnetcore-browser-refresh.js - - - 200 13742 application/javascript;+charset=utf-8 2.6195ms
2024-07-03 18:39:54.141 +04:00  INF  Request finished HTTP/2 GET https://localhost:7095/_vs/browserLink - - - 200 - text/javascript;+charset=UTF-8 26.3041ms
2024-07-03 18:39:54.162 +04:00  INF  Request starting HTTP/2 GET https://localhost:7095/swagger/v1/swagger.json - -
2024-07-03 18:39:54.226 +04:00  ERR  An unhandled exception has occurred while executing the request.Swashbuckle.AspNetCore.SwaggerGen.SwaggerGeneratorException: Conflicting method/path combination "GET api/Account/action" for actions - App.Controllers.UI.AccountController.GetAllUsers (App),App.Controllers.UI.AccountController.GetUserByUsername (App). Actions require a unique method/path combination for Swagger/OpenAPI 3.0. Use ConflictingActionsResolver as a workaround
   at Swashbuckle.AspNetCore.SwaggerGen.SwaggerGenerator.GenerateOperations(IEnumerable`1 apiDescriptions, SchemaRepository schemaRepository)
   at Swashbuckle.AspNetCore.SwaggerGen.SwaggerGenerator.GeneratePaths(IEnumerable`1 apiDescriptions, SchemaRepository schemaRepository)
   at Swashbuckle.AspNetCore.SwaggerGen.SwaggerGenerator.GetSwaggerDocumentWithoutFilters(String documentName, String host, String basePath)
   at Swashbuckle.AspNetCore.SwaggerGen.SwaggerGenerator.GetSwaggerAsync(String documentName, String host, String basePath)
   at Swashbuckle.AspNetCore.Swagger.SwaggerMiddleware.Invoke(HttpContext httpContext, ISwaggerProvider swaggerProvider)
   at Microsoft.AspNetCore.Diagnostics.DeveloperExceptionPageMiddleware.Invoke(HttpContext context)

2024-07-03 18:39:54.229 +04:00  INF  Request finished HTTP/2 GET https://localhost:7095/swagger/v1/swagger.json - - - 500 - text/plain;+charset=utf-8 66.4272ms
2024-07-03 18:40:06.402 +04:00  INF  User profile is available. Using 'C:\Users\nasirid\AppData\Local\ASP.NET\DataProtection-Keys' as key repository and Windows DPAPI to encrypt keys at rest.
2024-07-03 18:40:06.518 +04:00  INF  Now listening on: https://localhost:7095
2024-07-03 18:40:06.518 +04:00  INF  Now listening on: http://localhost:5035
2024-07-03 18:40:06.549 +04:00  INF  Application started. Press Ctrl+C to shut down.
2024-07-03 18:40:06.549 +04:00  INF  Hosting environment: Development
2024-07-03 18:40:06.549 +04:00  INF  Content root path: C:\Users\nasirid\Desktop\-hometask_Many-to-many-relational-mappings\App\
2024-07-03 18:40:06.627 +04:00  INF  Request starting HTTP/2 GET https://localhost:7095/swagger/index.html - -
2024-07-03 18:40:06.766 +04:00  INF  Request finished HTTP/2 GET https://localhost:7095/swagger/index.html - - - 200 - text/html;charset=utf-8 140.6913ms
2024-07-03 18:40:06.774 +04:00  INF  Request starting HTTP/2 GET https://localhost:7095/_framework/aspnetcore-browser-refresh.js - -
2024-07-03 18:40:06.774 +04:00  INF  Request starting HTTP/2 GET https://localhost:7095/_vs/browserLink - -
2024-07-03 18:40:06.775 +04:00  INF  Request finished HTTP/2 GET https://localhost:7095/_framework/aspnetcore-browser-refresh.js - - - 200 13742 application/javascript;+charset=utf-8 1.3786ms
2024-07-03 18:40:06.801 +04:00  INF  Request finished HTTP/2 GET https://localhost:7095/_vs/browserLink - - - 200 - text/javascript;+charset=UTF-8 26.9088ms
2024-07-03 18:40:06.819 +04:00  INF  Request starting HTTP/2 GET https://localhost:7095/swagger/v1/swagger.json - -
2024-07-03 18:40:06.886 +04:00  ERR  An unhandled exception has occurred while executing the request.Swashbuckle.AspNetCore.SwaggerGen.SwaggerGeneratorException: Conflicting method/path combination "GET api/Account/action" for actions - App.Controllers.UI.AccountController.GetAllUsers (App),App.Controllers.UI.AccountController.GetUserByUsername (App). Actions require a unique method/path combination for Swagger/OpenAPI 3.0. Use ConflictingActionsResolver as a workaround
   at Swashbuckle.AspNetCore.SwaggerGen.SwaggerGenerator.GenerateOperations(IEnumerable`1 apiDescriptions, SchemaRepository schemaRepository)
   at Swashbuckle.AspNetCore.SwaggerGen.SwaggerGenerator.GeneratePaths(IEnumerable`1 apiDescriptions, SchemaRepository schemaRepository)
   at Swashbuckle.AspNetCore.SwaggerGen.SwaggerGenerator.GetSwaggerDocumentWithoutFilters(String documentName, String host, String basePath)
   at Swashbuckle.AspNetCore.SwaggerGen.SwaggerGenerator.GetSwaggerAsync(String documentName, String host, String basePath)
   at Swashbuckle.AspNetCore.Swagger.SwaggerMiddleware.Invoke(HttpContext httpContext, ISwaggerProvider swaggerProvider)
   at Microsoft.AspNetCore.Diagnostics.DeveloperExceptionPageMiddleware.Invoke(HttpContext context)

2024-07-03 18:40:06.889 +04:00  INF  Request finished HTTP/2 GET https://localhost:7095/swagger/v1/swagger.json - - - 500 - text/plain;+charset=utf-8 69.5416ms
